<?xml version="1.0" encoding="UTF-8"?>
<!-- Generated by org.testng.reporters.JUnitReportReporter -->
<testsuite hostname="DESKTOP-1PRLMKU" failures="0" tests="1" name="Testng1.NewTest" time="0.011" errors="0" timestamp="2022-10-14T15:07:12 IST" skipped="0">
  <testcase classname="Testng1.NewTest" name="Display" time="0.011"/>
  <system-out>
    <![CDATA[Hi Good Morning
Hi Good Aternoon ]]>
  </system-out>
</testsuite> <!-- Testng1.NewTest -->
